buildout/outputs/logs/manifest-merger-debug-report.txt
-- Merging decision tree log ---
manifest
ADDED from UseFragments/weidi_library/AndroidManifest.xml:2:1-29:12
INJECTED from UseFragments/weidi_library/AndroidManifest.xml:2:1-29:12
INJECTED from UseFragments/weidi_library/AndroidManifest.xml:2:1-29:12
	package
		ADDED from UseFragments/weidi_library/AndroidManifest.xml:4:5-32
		INJECTED from UseFragments/weidi_library/AndroidManifest.xml
		INJECTED from UseFragments/weidi_library/AndroidManifest.xml
	xmlns:tools
		ADDED from UseFragments/weidi_library/AndroidManifest.xml:3:11-57
	xmlns:android
		ADDED from UseFragments/weidi_library/AndroidManifest.xml:2:11-69
uses-permission#android.permission.VIBRATE
ADDED from UseFragments/weidi_library/AndroidManifest.xml:6:5-66
	android:name
		ADDED from UseFragments/weidi_library/AndroidManifest.xml:6:22-63
uses-permission#android.permission.ACCESS_WIFI_STATE
ADDED from UseFragments/weidi_library/AndroidManifest.xml:9:5-76
	android:name
		ADDED from UseFragments/weidi_library/AndroidManifest.xml:9:22-73
uses-permission#android.permission.CHANGE_WIFI_STATE
ADDED from UseFragments/weidi_library/AndroidManifest.xml:10:5-76
	android:name
		ADDED from UseFragments/weidi_library/AndroidManifest.xml:10:22-73
uses-permission#android.permission.ACCESS_NETWORK_STATE
ADDED from UseFragments/weidi_library/AndroidManifest.xml:12:5-79
	android:name
		ADDED from UseFragments/weidi_library/AndroidManifest.xml:12:22-76
uses-permission#android.permission.CHANGE_NETWORK_STATE
ADDED from UseFragments/weidi_library/AndroidManifest.xml:13:5-79
	android:name
		ADDED from UseFragments/weidi_library/AndroidManifest.xml:13:22-76
uses-permission#android.permission.ACCESS_FINE_LOCATION
ADDED from UseFragments/weidi_library/AndroidManifest.xml:15:5-79
	android:name
		ADDED from UseFragments/weidi_library/AndroidManifest.xml:15:22-76
uses-permission#android.permission.INTERNET
ADDED from UseFragments/weidi_library/AndroidManifest.xml:17:5-66
	android:name
		ADDED from UseFragments/weidi_library/AndroidManifest.xml:17:22-64
application
ADDED from UseFragments/weidi_library/AndroidManifest.xml:20:5-27:19
	android:supportsRtl
		ADDED from UseFragments/weidi_library/AndroidManifest.xml:23:9-35
	android:label
		ADDED from UseFragments/weidi_library/AndroidManifest.xml:22:9-41
	android:allowBackup
		ADDED from UseFragments/weidi_library/AndroidManifest.xml:21:9-35
activity#com.weidi.activity.ScanCodeActivity
ADDED from UseFragments/weidi_library/AndroidManifest.xml:26:9-72
	android:name
		ADDED from UseFragments/weidi_library/AndroidManifest.xml:26:19-69
uses-sdk
INJECTED from UseFragments/weidi_library/AndroidManifest.xml reason: use-sdk injection requested
INJECTED from UseFragments/weidi_library/AndroidManifest.xml
INJECTED from UseFragments/weidi_library/AndroidManifest.xml
INJECTED from UseFragments/weidi_library/AndroidManifest.xml
INJECTED from UseFragments/weidi_library/AndroidManifest.xml
	android:targetSdkVersion
		INJECTED from UseFragments/weidi_library/AndroidManifest.xml
		ADDED from UseFragments/weidi_library/AndroidManifest.xml
		INJECTED from UseFragments/weidi_library/AndroidManifest.xml
	android:minSdkVersion
		INJECTED from UseFragments/weidi_library/AndroidManifest.xml
		ADDED from UseFragments/weidi_library/AndroidManifest.xml
		INJECTED from UseFragments/weidi_library/AndroidManifest.xml